{
  "RSpec": {
    "coverage": {
      "/Users/nicolakeys/Makers/tech_tests/bank_test/spec/account_spec.rb": {
        "lines": [
          null,
          null,
          null,
          1,
          1,
          1,
          17,
          null,
          null,
          null,
          1,
          1,
          null,
          null,
          1,
          1,
          null,
          null,
          1,
          1,
          1,
          null,
          null,
          1,
          1,
          null,
          null,
          null,
          1,
          1,
          1,
          null,
          null,
          1,
          1,
          1,
          null,
          null,
          null,
          1,
          1,
          1,
          null,
          null,
          1,
          1,
          1,
          1,
          null,
          null,
          null,
          1,
          1,
          1,
          1,
          null,
          null,
          null,
          1,
          1,
          1,
          1,
          1,
          1,
          1,
          1,
          1,
          null,
          null,
          1,
          1,
          1,
          1,
          1,
          1,
          1,
          1,
          null,
          null,
          null,
          1,
          1,
          1,
          1,
          1,
          null,
          1,
          1,
          1,
          null,
          1,
          1,
          1,
          null,
          1,
          1,
          1,
          null,
          null,
          1,
          1,
          1,
          1,
          1,
          1,
          1,
          1,
          1,
          1,
          1,
          1,
          1,
          null,
          null,
          null,
          1,
          1,
          1,
          1,
          1,
          1,
          null,
          null,
          1,
          1,
          1,
          1,
          1,
          null,
          1,
          1,
          1,
          1,
          1,
          null,
          null,
          null,
          null
        ]
      },
      "/Users/nicolakeys/Makers/tech_tests/bank_test/lib/account.rb": {
        "lines": [
          null,
          null,
          1,
          1,
          1,
          null,
          1,
          1,
          null,
          1,
          16,
          16,
          null,
          null,
          1,
          7,
          7,
          null,
          null,
          1,
          4,
          4,
          null,
          null,
          1,
          12,
          null,
          null,
          1,
          11,
          null,
          4,
          4,
          null,
          7,
          7,
          null,
          null,
          null,
          1,
          9,
          null,
          18,
          null,
          null,
          1,
          3,
          3,
          null,
          null
        ]
      },
      "/Users/nicolakeys/Makers/tech_tests/bank_test/lib/transaction.rb": {
        "lines": [
          null,
          null,
          null,
          1,
          1,
          null,
          1,
          4,
          4,
          4,
          4,
          null,
          null
        ]
      },
      "/Users/nicolakeys/Makers/tech_tests/bank_test/lib/statement.rb": {
        "lines": [
          null,
          null,
          null,
          1,
          1,
          null,
          1,
          11,
          11,
          11,
          null,
          null,
          1,
          14,
          5,
          null,
          null
        ]
      },
      "/Users/nicolakeys/Makers/tech_tests/bank_test/spec/statement_spec.rb": {
        "lines": [
          null,
          null,
          null,
          1,
          null,
          1,
          8,
          null,
          1,
          1,
          null,
          null,
          1,
          1,
          1,
          1,
          null,
          null,
          1,
          1,
          1,
          null,
          null,
          null,
          1,
          1,
          1,
          null,
          null,
          1,
          1,
          1,
          null,
          null,
          1,
          1,
          1,
          1,
          null,
          null,
          1,
          1,
          1,
          1,
          1,
          1,
          null,
          null,
          1,
          1,
          1,
          1,
          1,
          1,
          null,
          null,
          null,
          null
        ]
      },
      "/Users/nicolakeys/Makers/tech_tests/bank_test/spec/transaction_spec.rb": {
        "lines": [
          null,
          1,
          null,
          1,
          2,
          1,
          1,
          1,
          1,
          1,
          null,
          null,
          null
        ]
      }
    },
    "timestamp": 1220223600
  }
}
